This is pdfeTeX, Version 3.141592-1.21a-2.2 (Web2C 7.5.4) (format=pdflatex 2007.11.30)  21 DEC 2008 18:00
entering extended mode
**burke_libbey.tex
(./burke_libbey.tex
LaTeX2e <2003/12/01>
Babel <v3.8d> and hyphenation patterns for american, french, german, ngerman, b
ahasa, basque, bulgarian, catalan, croatian, czech, danish, dutch, esperanto, e
stonian, finnish, greek, icelandic, irish, italian, latin, magyar, norsk, polis
h, portuges, romanian, russian, serbian, slovak, slovene, spanish, swedish, tur
kish, ukrainian, nohyphenation, loaded.
(./resume.cls
Document Style `resume' <26 Sep 89, Dec 07>.
Document Class: resume 2000/05/19 v1.4b Resume class
(/opt/local/share/texmf-dist/tex/latex/base/article.cls
Document Class: article 2004/02/16 v1.4f Standard LaTeX document class
(/opt/local/share/texmf-dist/tex/latex/base/size10.clo
File: size10.clo 2004/02/16 v1.4f Standard LaTeX file (size option)
)
\c@part=\count79
\c@section=\count80
\c@subsection=\count81
\c@subsubsection=\count82
\c@paragraph=\count83
\c@subparagraph=\count84
\c@figure=\count85
\c@table=\count86
\abovecaptionskip=\skip41
\belowcaptionskip=\skip42
\bibindent=\dimen102
)
No auxiliary output files.

\tabular@text=\toks14
\tabular@head=\toks15
\tabular@tail=\toks16
\@ta=\toks17
\undefined@token=\toks18
\sectionwidth=\dimen103
\sectionskip=\skip43
\resumewidth=\dimen104
\@columnwidth=\dimen105
\c@numberofcolumns=\count87
)

LaTeX Warning: Unused global option(s):
    [letterpaper].

No file burke_libbey.aux.
LaTeX Font Info:    Checking defaults for OML/cmm/m/it on input line 7.
LaTeX Font Info:    ... okay on input line 7.
LaTeX Font Info:    Checking defaults for T1/cmr/m/n on input line 7.
LaTeX Font Info:    ... okay on input line 7.
LaTeX Font Info:    Checking defaults for OT1/cmr/m/n on input line 7.
LaTeX Font Info:    ... okay on input line 7.
LaTeX Font Info:    Checking defaults for OMS/cmsy/m/n on input line 7.
LaTeX Font Info:    ... okay on input line 7.
LaTeX Font Info:    Checking defaults for OMX/cmex/m/n on input line 7.
LaTeX Font Info:    ... okay on input line 7.
LaTeX Font Info:    Checking defaults for U/cmr/m/n on input line 7.
LaTeX Font Info:    ... okay on input line 7.
LaTeX Font Info:    External font `cmex10' loaded for size
(Font)              <7> on input line 15.
LaTeX Font Info:    External font `cmex10' loaded for size
(Font)              <5> on input line 15.

Overfull \hbox (6.22789pt too wide) in paragraph at lines 15--20
[][] 
 []

[1

{/opt/local/share/texmf-var/fonts/map/pdftex/updmap/pdftex.map}] [2] ) 
Here is how much of TeX's memory you used:
 303 strings out of 94500
 3216 string characters out of 1174972
 51645 words of memory out of 1000000
 3551 multiletter control sequences out of 10000+50000
 6121 words of font info for 22 fonts, out of 500000 for 2000
 580 hyphenation exceptions out of 1000
 29i,6n,21p,126b,123s stack positions out of 1500i,500n,5000p,200000b,5000s
PDF statistics:
 28 PDF objects out of 300000
 0 named destinations out of 131072
 1 words of extra memory for PDF output out of 65536
</opt/loc
al/share/texmf-dist/fonts/type1/bluesky/cm/cmsy10.pfb></opt/local/share/texmf-d
ist/fonts/type1/bluesky/cm/cmsl10.pfb></opt/local/share/texmf-dist/fonts/type1/
bluesky/cm/cmbx10.pfb></opt/local/share/texmf-dist/fonts/type1/bluesky/cm/cmr7.
pfb></opt/local/share/texmf-dist/fonts/type1/bluesky/cm/cmr10.pfb></opt/local/s
hare/texmf-dist/fonts/type1/bluesky/cm/cmcsc10.pfb></opt/local/share/texmf-dist
/fonts/type1/bluesky/cm/cmbx12.pfb>
Output written on burke_libbey.pdf (2 pages, 57711 bytes).
